mode: set
github.com/mises-id/sns-socialsvc/app/models/status.go:39.54,41.16 2 1
github.com/mises-id/sns-socialsvc/app/models/status.go:44.2,44.12 1 1
github.com/mises-id/sns-socialsvc/app/models/status.go:41.16,43.3 1 0
github.com/mises-id/sns-socialsvc/app/models/status.go:47.58,51.26 4 1
github.com/mises-id/sns-socialsvc/app/models/status.go:61.2,61.26 1 1
github.com/mises-id/sns-socialsvc/app/models/status.go:67.2,67.24 1 1
github.com/mises-id/sns-socialsvc/app/models/status.go:51.26,53.17 2 0
github.com/mises-id/sns-socialsvc/app/models/status.go:56.3,57.26 2 0
github.com/mises-id/sns-socialsvc/app/models/status.go:53.17,55.4 1 0
github.com/mises-id/sns-socialsvc/app/models/status.go:57.26,59.4 1 0
github.com/mises-id/sns-socialsvc/app/models/status.go:61.26,63.17 2 0
github.com/mises-id/sns-socialsvc/app/models/status.go:63.17,65.4 1 0
github.com/mises-id/sns-socialsvc/app/models/status.go:70.57,73.27 3 1
github.com/mises-id/sns-socialsvc/app/models/status.go:79.2,79.12 1 1
github.com/mises-id/sns-socialsvc/app/models/status.go:73.27,75.17 2 0
github.com/mises-id/sns-socialsvc/app/models/status.go:75.17,77.4 1 0
github.com/mises-id/sns-socialsvc/app/models/status.go:82.66,83.18 1 0
github.com/mises-id/sns-socialsvc/app/models/status.go:89.2,100.12 2 0
github.com/mises-id/sns-socialsvc/app/models/status.go:83.18,85.3 1 0
github.com/mises-id/sns-socialsvc/app/models/status.go:85.8,88.3 2 0
github.com/mises-id/sns-socialsvc/app/models/status.go:103.96,104.22 1 0
github.com/mises-id/sns-socialsvc/app/models/status.go:107.2,108.21 2 0
github.com/mises-id/sns-socialsvc/app/models/status.go:111.2,118.11 1 0
github.com/mises-id/sns-socialsvc/app/models/status.go:104.22,106.3 1 0
github.com/mises-id/sns-socialsvc/app/models/status.go:108.21,110.3 1 0
github.com/mises-id/sns-socialsvc/app/models/status.go:121.78,124.16 3 0
github.com/mises-id/sns-socialsvc/app/models/status.go:127.2,127.57 1 0
github.com/mises-id/sns-socialsvc/app/models/status.go:130.2,130.54 1 0
github.com/mises-id/sns-socialsvc/app/models/status.go:133.2,133.49 1 0
github.com/mises-id/sns-socialsvc/app/models/status.go:136.2,136.47 1 0
github.com/mises-id/sns-socialsvc/app/models/status.go:124.16,126.3 1 0
github.com/mises-id/sns-socialsvc/app/models/status.go:127.57,129.3 1 0
github.com/mises-id/sns-socialsvc/app/models/status.go:130.54,132.3 1 0
github.com/mises-id/sns-socialsvc/app/models/status.go:133.49,135.3 1 0
github.com/mises-id/sns-socialsvc/app/models/status.go:149.85,159.48 3 1
github.com/mises-id/sns-socialsvc/app/models/status.go:162.2,162.56 1 1
github.com/mises-id/sns-socialsvc/app/models/status.go:165.2,165.30 1 1
github.com/mises-id/sns-socialsvc/app/models/status.go:169.2,169.47 1 1
github.com/mises-id/sns-socialsvc/app/models/status.go:172.2,172.57 1 1
github.com/mises-id/sns-socialsvc/app/models/status.go:175.2,175.54 1 1
github.com/mises-id/sns-socialsvc/app/models/status.go:178.2,178.49 1 1
github.com/mises-id/sns-socialsvc/app/models/status.go:181.2,181.47 1 1
github.com/mises-id/sns-socialsvc/app/models/status.go:159.48,161.3 1 0
github.com/mises-id/sns-socialsvc/app/models/status.go:162.56,164.3 1 0
github.com/mises-id/sns-socialsvc/app/models/status.go:165.30,168.3 2 0
github.com/mises-id/sns-socialsvc/app/models/status.go:169.47,171.3 1 0
github.com/mises-id/sns-socialsvc/app/models/status.go:172.57,174.3 1 0
github.com/mises-id/sns-socialsvc/app/models/status.go:175.54,177.3 1 0
github.com/mises-id/sns-socialsvc/app/models/status.go:178.49,180.3 1 0
github.com/mises-id/sns-socialsvc/app/models/status.go:184.69,187.2 2 0
github.com/mises-id/sns-socialsvc/app/models/status.go:197.106,198.30 1 1
github.com/mises-id/sns-socialsvc/app/models/status.go:201.2,203.48 3 1
github.com/mises-id/sns-socialsvc/app/models/status.go:206.2,206.37 1 1
github.com/mises-id/sns-socialsvc/app/models/status.go:209.2,209.29 1 1
github.com/mises-id/sns-socialsvc/app/models/status.go:212.2,212.21 1 1
github.com/mises-id/sns-socialsvc/app/models/status.go:215.2,217.16 3 1
github.com/mises-id/sns-socialsvc/app/models/status.go:220.2,220.62 1 1
github.com/mises-id/sns-socialsvc/app/models/status.go:223.2,223.59 1 1
github.com/mises-id/sns-socialsvc/app/models/status.go:226.2,226.54 1 1
github.com/mises-id/sns-socialsvc/app/models/status.go:229.2,229.60 1 1
github.com/mises-id/sns-socialsvc/app/models/status.go:198.30,200.3 1 0
github.com/mises-id/sns-socialsvc/app/models/status.go:203.48,205.3 1 1
github.com/mises-id/sns-socialsvc/app/models/status.go:206.37,208.3 1 0
github.com/mises-id/sns-socialsvc/app/models/status.go:209.29,211.3 1 0
github.com/mises-id/sns-socialsvc/app/models/status.go:212.21,214.3 1 1
github.com/mises-id/sns-socialsvc/app/models/status.go:217.16,219.3 1 0
github.com/mises-id/sns-socialsvc/app/models/status.go:220.62,222.3 1 0
github.com/mises-id/sns-socialsvc/app/models/status.go:223.59,225.3 1 0
github.com/mises-id/sns-socialsvc/app/models/status.go:226.54,228.3 1 0
github.com/mises-id/sns-socialsvc/app/models/status.go:232.89,235.16 3 0
github.com/mises-id/sns-socialsvc/app/models/status.go:238.2,238.59 1 0
github.com/mises-id/sns-socialsvc/app/models/status.go:241.2,241.54 1 0
github.com/mises-id/sns-socialsvc/app/models/status.go:244.2,244.54 1 0
github.com/mises-id/sns-socialsvc/app/models/status.go:235.16,237.3 1 0
github.com/mises-id/sns-socialsvc/app/models/status.go:238.59,240.3 1 0
github.com/mises-id/sns-socialsvc/app/models/status.go:241.54,243.3 1 0
github.com/mises-id/sns-socialsvc/app/models/status.go:247.156,248.23 1 0
github.com/mises-id/sns-socialsvc/app/models/status.go:251.2,255.16 5 0
github.com/mises-id/sns-socialsvc/app/models/status.go:258.2,258.62 1 0
github.com/mises-id/sns-socialsvc/app/models/status.go:261.2,261.59 1 0
github.com/mises-id/sns-socialsvc/app/models/status.go:264.2,264.54 1 0
github.com/mises-id/sns-socialsvc/app/models/status.go:267.2,267.60 1 0
github.com/mises-id/sns-socialsvc/app/models/status.go:248.23,250.3 1 0
github.com/mises-id/sns-socialsvc/app/models/status.go:255.16,257.3 1 0
github.com/mises-id/sns-socialsvc/app/models/status.go:258.62,260.3 1 0
github.com/mises-id/sns-socialsvc/app/models/status.go:261.59,263.3 1 0
github.com/mises-id/sns-socialsvc/app/models/status.go:264.54,266.3 1 0
github.com/mises-id/sns-socialsvc/app/models/status.go:270.72,272.34 2 1
github.com/mises-id/sns-socialsvc/app/models/status.go:275.2,277.16 3 1
github.com/mises-id/sns-socialsvc/app/models/status.go:280.2,280.56 1 1
github.com/mises-id/sns-socialsvc/app/models/status.go:283.2,283.59 1 1
github.com/mises-id/sns-socialsvc/app/models/status.go:286.2,287.29 2 1
github.com/mises-id/sns-socialsvc/app/models/status.go:290.2,290.34 1 1
github.com/mises-id/sns-socialsvc/app/models/status.go:293.2,293.12 1 1
github.com/mises-id/sns-socialsvc/app/models/status.go:272.34,274.3 1 1
github.com/mises-id/sns-socialsvc/app/models/status.go:277.16,279.3 1 0
github.com/mises-id/sns-socialsvc/app/models/status.go:280.56,282.3 1 0
github.com/mises-id/sns-socialsvc/app/models/status.go:283.59,285.3 1 0
github.com/mises-id/sns-socialsvc/app/models/status.go:287.29,289.3 1 0
github.com/mises-id/sns-socialsvc/app/models/status.go:290.34,292.3 1 1
github.com/mises-id/sns-socialsvc/app/models/status.go:296.75,298.34 2 1
github.com/mises-id/sns-socialsvc/app/models/status.go:306.2,308.16 3 1
github.com/mises-id/sns-socialsvc/app/models/status.go:311.2,311.66 1 1
github.com/mises-id/sns-socialsvc/app/models/status.go:314.2,314.66 1 1
github.com/mises-id/sns-socialsvc/app/models/status.go:317.2,317.61 1 1
github.com/mises-id/sns-socialsvc/app/models/status.go:320.2,321.41 2 1
github.com/mises-id/sns-socialsvc/app/models/status.go:324.2,324.34 1 1
github.com/mises-id/sns-socialsvc/app/models/status.go:328.2,328.12 1 1
github.com/mises-id/sns-socialsvc/app/models/status.go:298.34,299.32 1 1
github.com/mises-id/sns-socialsvc/app/models/status.go:302.3,302.32 1 1
github.com/mises-id/sns-socialsvc/app/models/status.go:299.32,301.4 1 0
github.com/mises-id/sns-socialsvc/app/models/status.go:302.32,304.4 1 0
github.com/mises-id/sns-socialsvc/app/models/status.go:308.16,310.3 1 0
github.com/mises-id/sns-socialsvc/app/models/status.go:311.66,313.3 1 0
github.com/mises-id/sns-socialsvc/app/models/status.go:314.66,316.3 1 0
github.com/mises-id/sns-socialsvc/app/models/status.go:317.61,319.3 1 0
github.com/mises-id/sns-socialsvc/app/models/status.go:321.41,323.3 1 0
github.com/mises-id/sns-socialsvc/app/models/status.go:324.34,327.3 2 1
github.com/mises-id/sns-socialsvc/app/models/status.go:331.72,334.34 3 1
github.com/mises-id/sns-socialsvc/app/models/status.go:345.2,346.16 2 1
github.com/mises-id/sns-socialsvc/app/models/status.go:349.2,349.37 1 1
github.com/mises-id/sns-socialsvc/app/models/status.go:354.2,354.12 1 1
github.com/mises-id/sns-socialsvc/app/models/status.go:334.34,335.43 1 1
github.com/mises-id/sns-socialsvc/app/models/status.go:338.3,339.22 2 0
github.com/mises-id/sns-socialsvc/app/models/status.go:335.43,336.12 1 1
github.com/mises-id/sns-socialsvc/app/models/status.go:339.22,342.4 2 0
github.com/mises-id/sns-socialsvc/app/models/status.go:346.16,348.3 1 0
github.com/mises-id/sns-socialsvc/app/models/status.go:349.37,350.39 1 0
github.com/mises-id/sns-socialsvc/app/models/status.go:350.39,352.4 1 0
github.com/mises-id/sns-socialsvc/app/models/status.go:357.67,360.34 3 1
github.com/mises-id/sns-socialsvc/app/models/status.go:371.2,372.16 2 1
github.com/mises-id/sns-socialsvc/app/models/status.go:375.2,375.29 1 1
github.com/mises-id/sns-socialsvc/app/models/status.go:381.2,381.12 1 1
github.com/mises-id/sns-socialsvc/app/models/status.go:360.34,361.44 1 1
github.com/mises-id/sns-socialsvc/app/models/status.go:364.3,365.18 2 0
github.com/mises-id/sns-socialsvc/app/models/status.go:361.44,362.12 1 1
github.com/mises-id/sns-socialsvc/app/models/status.go:365.18,368.4 2 0
github.com/mises-id/sns-socialsvc/app/models/status.go:372.16,374.3 1 0
github.com/mises-id/sns-socialsvc/app/models/status.go:375.29,377.36 2 0
github.com/mises-id/sns-socialsvc/app/models/status.go:377.36,379.4 1 0
github.com/mises-id/sns-socialsvc/app/models/blacklist.go:23.138,24.23 1 0
github.com/mises-id/sns-socialsvc/app/models/blacklist.go:27.2,31.16 5 0
github.com/mises-id/sns-socialsvc/app/models/blacklist.go:34.2,34.67 1 0
github.com/mises-id/sns-socialsvc/app/models/blacklist.go:24.23,26.3 1 0
github.com/mises-id/sns-socialsvc/app/models/blacklist.go:31.16,33.3 1 0
github.com/mises-id/sns-socialsvc/app/models/blacklist.go:37.84,40.16 3 0
github.com/mises-id/sns-socialsvc/app/models/blacklist.go:43.2,43.56 1 0
github.com/mises-id/sns-socialsvc/app/models/blacklist.go:40.16,42.3 1 0
github.com/mises-id/sns-socialsvc/app/models/blacklist.go:47.86,49.16 2 0
github.com/mises-id/sns-socialsvc/app/models/blacklist.go:52.2,52.33 1 0
github.com/mises-id/sns-socialsvc/app/models/blacklist.go:55.2,60.16 3 0
github.com/mises-id/sns-socialsvc/app/models/blacklist.go:63.2,63.56 1 0
github.com/mises-id/sns-socialsvc/app/models/blacklist.go:49.16,51.3 1 0
github.com/mises-id/sns-socialsvc/app/models/blacklist.go:52.33,54.3 1 0
github.com/mises-id/sns-socialsvc/app/models/blacklist.go:60.16,62.3 1 0
github.com/mises-id/sns-socialsvc/app/models/blacklist.go:66.72,68.16 2 0
github.com/mises-id/sns-socialsvc/app/models/blacklist.go:71.2,71.58 1 0
github.com/mises-id/sns-socialsvc/app/models/blacklist.go:68.16,70.3 1 0
github.com/mises-id/sns-socialsvc/app/models/blacklist.go:74.80,76.39 2 0
github.com/mises-id/sns-socialsvc/app/models/blacklist.go:79.2,80.16 2 0
github.com/mises-id/sns-socialsvc/app/models/blacklist.go:83.2,84.29 2 0
github.com/mises-id/sns-socialsvc/app/models/blacklist.go:87.2,87.39 1 0
github.com/mises-id/sns-socialsvc/app/models/blacklist.go:90.2,90.12 1 0
github.com/mises-id/sns-socialsvc/app/models/blacklist.go:76.39,78.3 1 0
github.com/mises-id/sns-socialsvc/app/models/blacklist.go:80.16,82.3 1 0
github.com/mises-id/sns-socialsvc/app/models/blacklist.go:84.29,86.3 1 0
github.com/mises-id/sns-socialsvc/app/models/blacklist.go:87.39,89.3 1 0
github.com/mises-id/sns-socialsvc/app/models/comment.go:45.59,49.2 3 0
github.com/mises-id/sns-socialsvc/app/models/comment.go:51.58,65.2 2 0
github.com/mises-id/sns-socialsvc/app/models/comment.go:67.80,70.16 3 0
github.com/mises-id/sns-socialsvc/app/models/comment.go:73.2,73.21 1 0
github.com/mises-id/sns-socialsvc/app/models/comment.go:70.16,72.3 1 0
github.com/mises-id/sns-socialsvc/app/models/comment.go:76.109,77.30 1 0
github.com/mises-id/sns-socialsvc/app/models/comment.go:80.2,82.46 3 0
github.com/mises-id/sns-socialsvc/app/models/comment.go:85.2,85.21 1 0
github.com/mises-id/sns-socialsvc/app/models/comment.go:88.2,88.28 1 0
github.com/mises-id/sns-socialsvc/app/models/comment.go:91.2,91.45 1 0
github.com/mises-id/sns-socialsvc/app/models/comment.go:94.2,96.16 3 0
github.com/mises-id/sns-socialsvc/app/models/comment.go:99.2,99.61 1 0
github.com/mises-id/sns-socialsvc/app/models/comment.go:77.30,79.3 1 0
github.com/mises-id/sns-socialsvc/app/models/comment.go:82.46,84.3 1 0
github.com/mises-id/sns-socialsvc/app/models/comment.go:85.21,87.3 1 0
github.com/mises-id/sns-socialsvc/app/models/comment.go:88.28,90.3 1 0
github.com/mises-id/sns-socialsvc/app/models/comment.go:91.45,93.3 1 0
github.com/mises-id/sns-socialsvc/app/models/comment.go:96.16,98.3 1 0
github.com/mises-id/sns-socialsvc/app/models/comment.go:102.88,112.49 3 0
github.com/mises-id/sns-socialsvc/app/models/comment.go:115.2,115.57 1 0
github.com/mises-id/sns-socialsvc/app/models/comment.go:118.2,118.48 1 0
github.com/mises-id/sns-socialsvc/app/models/comment.go:121.2,121.50 1 0
github.com/mises-id/sns-socialsvc/app/models/comment.go:112.49,114.3 1 0
github.com/mises-id/sns-socialsvc/app/models/comment.go:115.57,117.3 1 0
github.com/mises-id/sns-socialsvc/app/models/comment.go:118.48,120.3 1 0
github.com/mises-id/sns-socialsvc/app/models/comment.go:125.74,127.2 1 0
github.com/mises-id/sns-socialsvc/app/models/counter.go:19.65,21.16 2 0
github.com/mises-id/sns-socialsvc/app/models/counter.go:24.2,24.33 1 0
github.com/mises-id/sns-socialsvc/app/models/counter.go:27.2,27.15 1 0
github.com/mises-id/sns-socialsvc/app/models/counter.go:21.16,23.3 1 0
github.com/mises-id/sns-socialsvc/app/models/counter.go:24.33,26.3 1 0
github.com/mises-id/sns-socialsvc/app/models/counter.go:30.61,40.16 3 0
github.com/mises-id/sns-socialsvc/app/models/counter.go:43.2,44.48 2 0
github.com/mises-id/sns-socialsvc/app/models/counter.go:40.16,42.3 1 0
github.com/mises-id/sns-socialsvc/app/models/counter.go:47.63,51.16 4 0
github.com/mises-id/sns-socialsvc/app/models/counter.go:54.2,54.33 1 0
github.com/mises-id/sns-socialsvc/app/models/counter.go:57.2,62.25 3 0
github.com/mises-id/sns-socialsvc/app/models/counter.go:51.16,53.3 1 0
github.com/mises-id/sns-socialsvc/app/models/counter.go:54.33,56.3 1 0
github.com/mises-id/sns-socialsvc/app/models/follow.go:28.58,32.2 3 0
github.com/mises-id/sns-socialsvc/app/models/follow.go:34.74,38.2 2 0
github.com/mises-id/sns-socialsvc/app/models/follow.go:40.164,43.30 3 0
github.com/mises-id/sns-socialsvc/app/models/follow.go:50.2,52.16 3 0
github.com/mises-id/sns-socialsvc/app/models/follow.go:55.2,55.55 1 0
github.com/mises-id/sns-socialsvc/app/models/follow.go:43.30,45.3 1 0
github.com/mises-id/sns-socialsvc/app/models/follow.go:45.8,45.43 1 0
github.com/mises-id/sns-socialsvc/app/models/follow.go:45.43,47.3 1 0
github.com/mises-id/sns-socialsvc/app/models/follow.go:47.8,49.3 1 0
github.com/mises-id/sns-socialsvc/app/models/follow.go:52.16,54.3 1 0
github.com/mises-id/sns-socialsvc/app/models/follow.go:58.95,65.49 2 0
github.com/mises-id/sns-socialsvc/app/models/follow.go:68.2,69.16 2 0
github.com/mises-id/sns-socialsvc/app/models/follow.go:72.2,73.20 2 0
github.com/mises-id/sns-socialsvc/app/models/follow.go:65.49,67.3 1 0
github.com/mises-id/sns-socialsvc/app/models/follow.go:69.16,71.3 1 0
github.com/mises-id/sns-socialsvc/app/models/follow.go:76.70,80.2 3 0
github.com/mises-id/sns-socialsvc/app/models/follow.go:82.95,96.2 1 0
github.com/mises-id/sns-socialsvc/app/models/follow.go:98.77,105.16 4 0
github.com/mises-id/sns-socialsvc/app/models/follow.go:108.2,108.38 1 0
github.com/mises-id/sns-socialsvc/app/models/follow.go:105.16,107.3 1 0
github.com/mises-id/sns-socialsvc/app/models/follow.go:111.75,113.16 2 0
github.com/mises-id/sns-socialsvc/app/models/follow.go:116.2,116.33 1 0
github.com/mises-id/sns-socialsvc/app/models/follow.go:119.2,119.12 1 0
github.com/mises-id/sns-socialsvc/app/models/follow.go:113.16,115.3 1 0
github.com/mises-id/sns-socialsvc/app/models/follow.go:116.33,118.3 1 0
github.com/mises-id/sns-socialsvc/app/models/follow.go:122.69,125.2 2 0
github.com/mises-id/sns-socialsvc/app/models/follow.go:127.78,133.16 2 0
github.com/mises-id/sns-socialsvc/app/models/follow.go:136.2,137.49 2 0
github.com/mises-id/sns-socialsvc/app/models/follow.go:140.2,141.33 2 0
github.com/mises-id/sns-socialsvc/app/models/follow.go:144.2,144.17 1 0
github.com/mises-id/sns-socialsvc/app/models/follow.go:133.16,135.3 1 0
github.com/mises-id/sns-socialsvc/app/models/follow.go:137.49,139.3 1 0
github.com/mises-id/sns-socialsvc/app/models/follow.go:141.33,143.3 1 0
github.com/mises-id/sns-socialsvc/app/models/follow.go:147.70,149.33 2 0
github.com/mises-id/sns-socialsvc/app/models/follow.go:152.2,154.16 3 0
github.com/mises-id/sns-socialsvc/app/models/follow.go:157.2,157.56 1 0
github.com/mises-id/sns-socialsvc/app/models/follow.go:160.2,160.59 1 0
github.com/mises-id/sns-socialsvc/app/models/follow.go:163.2,164.29 2 0
github.com/mises-id/sns-socialsvc/app/models/follow.go:167.2,167.33 1 0
github.com/mises-id/sns-socialsvc/app/models/follow.go:171.2,171.12 1 0
github.com/mises-id/sns-socialsvc/app/models/follow.go:149.33,151.3 1 0
github.com/mises-id/sns-socialsvc/app/models/follow.go:154.16,156.3 1 0
github.com/mises-id/sns-socialsvc/app/models/follow.go:157.56,159.3 1 0
github.com/mises-id/sns-socialsvc/app/models/follow.go:160.59,162.3 1 0
github.com/mises-id/sns-socialsvc/app/models/follow.go:164.29,166.3 1 0
github.com/mises-id/sns-socialsvc/app/models/follow.go:167.33,170.3 2 0
github.com/mises-id/sns-socialsvc/app/models/follow.go:174.70,176.23 2 1
github.com/mises-id/sns-socialsvc/app/models/follow.go:179.2,180.14 2 0
github.com/mises-id/sns-socialsvc/app/models/follow.go:183.2,184.29 2 0
github.com/mises-id/sns-socialsvc/app/models/follow.go:187.2,188.16 2 0
github.com/mises-id/sns-socialsvc/app/models/follow.go:191.2,191.29 1 0
github.com/mises-id/sns-socialsvc/app/models/follow.go:194.2,194.12 1 0
github.com/mises-id/sns-socialsvc/app/models/follow.go:176.23,178.3 1 1
github.com/mises-id/sns-socialsvc/app/models/follow.go:180.14,182.3 1 0
github.com/mises-id/sns-socialsvc/app/models/follow.go:184.29,186.3 1 0
github.com/mises-id/sns-socialsvc/app/models/follow.go:188.16,190.3 1 0
github.com/mises-id/sns-socialsvc/app/models/follow.go:191.29,193.3 1 0
github.com/mises-id/sns-socialsvc/app/models/follow.go:197.104,204.16 3 0
github.com/mises-id/sns-socialsvc/app/models/follow.go:207.2,208.33 2 0
github.com/mises-id/sns-socialsvc/app/models/follow.go:211.2,211.23 1 0
github.com/mises-id/sns-socialsvc/app/models/follow.go:204.16,206.3 1 0
github.com/mises-id/sns-socialsvc/app/models/follow.go:208.33,210.3 1 0
github.com/mises-id/sns-socialsvc/app/models/index.go:15.20,33.16 4 0
github.com/mises-id/sns-socialsvc/app/models/index.go:36.2,51.16 2 0
github.com/mises-id/sns-socialsvc/app/models/index.go:55.2,63.16 2 0
github.com/mises-id/sns-socialsvc/app/models/index.go:67.2,83.16 2 0
github.com/mises-id/sns-socialsvc/app/models/index.go:33.16,35.3 1 0
github.com/mises-id/sns-socialsvc/app/models/index.go:51.16,53.3 1 0
github.com/mises-id/sns-socialsvc/app/models/index.go:63.16,65.3 1 0
github.com/mises-id/sns-socialsvc/app/models/index.go:83.16,85.3 1 0
github.com/mises-id/sns-socialsvc/app/models/like.go:28.55,41.2 2 0
github.com/mises-id/sns-socialsvc/app/models/like.go:43.135,53.16 3 0
github.com/mises-id/sns-socialsvc/app/models/like.go:56.2,56.36 1 0
github.com/mises-id/sns-socialsvc/app/models/like.go:53.16,55.3 1 0
github.com/mises-id/sns-socialsvc/app/models/like.go:59.67,64.2 1 0
github.com/mises-id/sns-socialsvc/app/models/like.go:66.124,75.2 3 0
github.com/mises-id/sns-socialsvc/app/models/like.go:77.126,85.16 3 0
github.com/mises-id/sns-socialsvc/app/models/like.go:88.2,89.29 2 0
github.com/mises-id/sns-socialsvc/app/models/like.go:92.2,92.21 1 0
github.com/mises-id/sns-socialsvc/app/models/like.go:85.16,87.3 1 0
github.com/mises-id/sns-socialsvc/app/models/like.go:89.29,91.3 1 0
github.com/mises-id/sns-socialsvc/app/models/like.go:95.152,96.23 1 0
github.com/mises-id/sns-socialsvc/app/models/like.go:99.2,103.16 5 0
github.com/mises-id/sns-socialsvc/app/models/like.go:106.2,106.54 1 0
github.com/mises-id/sns-socialsvc/app/models/like.go:96.23,98.3 1 0
github.com/mises-id/sns-socialsvc/app/models/like.go:103.16,105.3 1 0
github.com/mises-id/sns-socialsvc/app/models/like.go:109.67,111.29 2 0
github.com/mises-id/sns-socialsvc/app/models/like.go:117.2,118.16 2 0
github.com/mises-id/sns-socialsvc/app/models/like.go:121.2,122.34 2 0
github.com/mises-id/sns-socialsvc/app/models/like.go:125.2,125.29 1 0
github.com/mises-id/sns-socialsvc/app/models/like.go:131.2,131.12 1 0
github.com/mises-id/sns-socialsvc/app/models/like.go:111.29,112.41 1 0
github.com/mises-id/sns-socialsvc/app/models/like.go:115.3,115.47 1 0
github.com/mises-id/sns-socialsvc/app/models/like.go:112.41,113.12 1 0
github.com/mises-id/sns-socialsvc/app/models/like.go:118.16,120.3 1 0
github.com/mises-id/sns-socialsvc/app/models/like.go:122.34,124.3 1 0
github.com/mises-id/sns-socialsvc/app/models/like.go:125.29,126.41 1 0
github.com/mises-id/sns-socialsvc/app/models/like.go:129.3,129.41 1 0
github.com/mises-id/sns-socialsvc/app/models/like.go:126.41,127.12 1 0
github.com/mises-id/sns-socialsvc/app/models/message.go:42.34,43.23 1 0
github.com/mises-id/sns-socialsvc/app/models/message.go:46.2,46.15 1 0
github.com/mises-id/sns-socialsvc/app/models/message.go:43.23,45.3 1 0
github.com/mises-id/sns-socialsvc/app/models/message.go:49.59,53.2 3 0
github.com/mises-id/sns-socialsvc/app/models/message.go:55.88,62.49 3 0
github.com/mises-id/sns-socialsvc/app/models/message.go:65.2,65.57 1 0
github.com/mises-id/sns-socialsvc/app/models/message.go:68.2,68.21 1 0
github.com/mises-id/sns-socialsvc/app/models/message.go:62.49,64.3 1 0
github.com/mises-id/sns-socialsvc/app/models/message.go:65.57,67.3 1 0
github.com/mises-id/sns-socialsvc/app/models/message.go:71.109,72.30 1 0
github.com/mises-id/sns-socialsvc/app/models/message.go:75.2,79.16 5 0
github.com/mises-id/sns-socialsvc/app/models/message.go:82.2,82.61 1 0
github.com/mises-id/sns-socialsvc/app/models/message.go:72.30,74.3 1 0
github.com/mises-id/sns-socialsvc/app/models/message.go:79.16,81.3 1 0
github.com/mises-id/sns-socialsvc/app/models/message.go:85.73,87.46 2 0
github.com/mises-id/sns-socialsvc/app/models/message.go:92.2,93.12 2 0
github.com/mises-id/sns-socialsvc/app/models/message.go:87.46,89.3 1 0
github.com/mises-id/sns-socialsvc/app/models/message.go:89.8,89.71 1 0
github.com/mises-id/sns-socialsvc/app/models/message.go:89.71,91.3 1 0
github.com/mises-id/sns-socialsvc/app/models/message.go:96.74,98.2 1 0
github.com/mises-id/sns-socialsvc/app/models/user.go:39.52,40.48 1 0
github.com/mises-id/sns-socialsvc/app/models/user.go:43.2,43.45 1 0
github.com/mises-id/sns-socialsvc/app/models/user.go:46.2,46.12 1 0
github.com/mises-id/sns-socialsvc/app/models/user.go:40.48,42.3 1 0
github.com/mises-id/sns-socialsvc/app/models/user.go:43.45,45.3 1 0
github.com/mises-id/sns-socialsvc/app/models/user.go:49.56,52.16 3 0
github.com/mises-id/sns-socialsvc/app/models/user.go:55.2,56.28 2 0
github.com/mises-id/sns-socialsvc/app/models/user.go:52.16,54.3 1 0
github.com/mises-id/sns-socialsvc/app/models/user.go:59.56,61.40 2 0
github.com/mises-id/sns-socialsvc/app/models/user.go:64.2,64.12 1 0
github.com/mises-id/sns-socialsvc/app/models/user.go:61.40,63.3 1 0
github.com/mises-id/sns-socialsvc/app/models/user.go:67.61,81.2 1 0
github.com/mises-id/sns-socialsvc/app/models/user.go:83.56,97.2 1 0
github.com/mises-id/sns-socialsvc/app/models/user.go:99.71,111.2 1 0
github.com/mises-id/sns-socialsvc/app/models/user.go:113.63,118.25 3 0
github.com/mises-id/sns-socialsvc/app/models/user.go:121.2,121.34 1 0
github.com/mises-id/sns-socialsvc/app/models/user.go:118.25,120.3 1 0
github.com/mises-id/sns-socialsvc/app/models/user.go:124.90,130.33 4 0
github.com/mises-id/sns-socialsvc/app/models/user.go:134.2,134.16 1 0
github.com/mises-id/sns-socialsvc/app/models/user.go:137.2,137.41 1 0
github.com/mises-id/sns-socialsvc/app/models/user.go:130.33,133.3 2 0
github.com/mises-id/sns-socialsvc/app/models/user.go:134.16,136.3 1 0
github.com/mises-id/sns-socialsvc/app/models/user.go:140.63,142.16 2 0
github.com/mises-id/sns-socialsvc/app/models/user.go:145.2,156.12 2 0
github.com/mises-id/sns-socialsvc/app/models/user.go:142.16,144.3 1 0
github.com/mises-id/sns-socialsvc/app/models/user.go:159.60,161.16 2 0
github.com/mises-id/sns-socialsvc/app/models/user.go:164.2,172.12 2 0
github.com/mises-id/sns-socialsvc/app/models/user.go:161.16,163.3 1 0
github.com/mises-id/sns-socialsvc/app/models/user.go:175.62,185.2 2 0
github.com/mises-id/sns-socialsvc/app/models/user.go:187.74,192.16 3 0
github.com/mises-id/sns-socialsvc/app/models/user.go:195.2,196.18 2 0
github.com/mises-id/sns-socialsvc/app/models/user.go:192.16,194.3 1 0
github.com/mises-id/sns-socialsvc/app/models/user.go:199.73,202.16 3 0
github.com/mises-id/sns-socialsvc/app/models/user.go:205.2,205.48 1 0
github.com/mises-id/sns-socialsvc/app/models/user.go:202.16,204.3 1 0
github.com/mises-id/sns-socialsvc/app/models/user.go:208.67,210.29 2 1
github.com/mises-id/sns-socialsvc/app/models/user.go:215.2,216.16 2 1
github.com/mises-id/sns-socialsvc/app/models/user.go:219.2,219.29 1 1
github.com/mises-id/sns-socialsvc/app/models/user.go:222.2,222.12 1 1
github.com/mises-id/sns-socialsvc/app/models/user.go:210.29,211.28 1 0
github.com/mises-id/sns-socialsvc/app/models/user.go:211.28,213.4 1 0
github.com/mises-id/sns-socialsvc/app/models/user.go:216.16,218.3 1 0
github.com/mises-id/sns-socialsvc/app/models/user.go:219.29,221.3 1 0
github.com/mises-id/sns-socialsvc/app/models/user.go:225.60,226.22 1 0
github.com/mises-id/sns-socialsvc/app/models/user.go:229.2,230.12 2 0
github.com/mises-id/sns-socialsvc/app/models/user.go:233.2,234.16 2 0
github.com/mises-id/sns-socialsvc/app/models/user.go:237.2,239.16 3 0
github.com/mises-id/sns-socialsvc/app/models/user.go:242.2,242.11 1 0
github.com/mises-id/sns-socialsvc/app/models/user.go:245.2,245.12 1 0
github.com/mises-id/sns-socialsvc/app/models/user.go:226.22,228.3 1 0
github.com/mises-id/sns-socialsvc/app/models/user.go:230.12,232.3 1 0
github.com/mises-id/sns-socialsvc/app/models/user.go:234.16,236.3 1 0
github.com/mises-id/sns-socialsvc/app/models/user.go:239.16,241.3 1 0
github.com/mises-id/sns-socialsvc/app/models/user.go:242.11,244.3 1 0
github.com/mises-id/sns-socialsvc/app/models/user.go:248.57,249.19 1 0
github.com/mises-id/sns-socialsvc/app/models/user.go:252.2,253.12 2 0
github.com/mises-id/sns-socialsvc/app/models/user.go:256.2,256.12 1 0
github.com/mises-id/sns-socialsvc/app/models/user.go:249.19,251.3 1 0
github.com/mises-id/sns-socialsvc/app/models/user.go:253.12,255.3 1 0
github.com/mises-id/sns-socialsvc/app/models/validate.go:7.13,9.2 1 1
github.com/mises-id/sns-socialsvc/app/services/blacklist/blacklist.go:15.122,17.2 1 1
github.com/mises-id/sns-socialsvc/app/services/blacklist/blacklist.go:19.93,22.16 2 1
github.com/mises-id/sns-socialsvc/app/services/blacklist/blacklist.go:25.2,26.16 2 1
github.com/mises-id/sns-socialsvc/app/services/blacklist/blacklist.go:30.2,30.70 1 0
github.com/mises-id/sns-socialsvc/app/services/blacklist/blacklist.go:33.2,33.23 1 0
github.com/mises-id/sns-socialsvc/app/services/blacklist/blacklist.go:22.16,24.3 1 0
github.com/mises-id/sns-socialsvc/app/services/blacklist/blacklist.go:26.16,28.3 1 1
github.com/mises-id/sns-socialsvc/app/services/blacklist/blacklist.go:30.70,32.3 1 0
github.com/mises-id/sns-socialsvc/app/services/blacklist/blacklist.go:36.72,38.2 1 0
